INFO    : PreTeXt project found in `/workspaces/calculus-in-a-hurry`.
WARNING : Using CLI version 2.0.3 but project's `requirements.txt`
WARNING : is configured to use 1.8.0. Consider either installing
WARNING : CLI version 1.8.0 or running `pretext init --refresh`
WARNING : to update `requirements.txt` to match 2.0.3.
INFO    : Preparing to build into /workspaces/calculus-in-a-hurry/output/web.
INFO    : discovering source file's directory name: /workspaces/calculus-in-a-hurry/source
INFO    : verifying and expanding input directory: /workspaces/calculus-in-a-hurry/source/../generated-assets
INFO    : input directory expanded to absolute path: /workspaces/calculus-in-a-hurry/generated-assets
INFO    : verifying and expanding input directory: /workspaces/calculus-in-a-hurry/source/../assets
INFO    : input directory expanded to absolute path: /workspaces/calculus-in-a-hurry/assets
INFO    : Runestone Services (via PreTeXt repository): version 7.1.2
INFO    : Runestone Services (using newer, via online CDN query): version 7.1.7
INFO    : converting /workspaces/calculus-in-a-hurry/source/main.ptx to HTML in /tmp/tmp0vi3e1rf
INFO    : XSL conversion of /workspaces/calculus-in-a-hurry/source/main.ptx by /root/.ptx/xsl/pretext-html.xsl
INFO    : comprehensive messages, warnings, and errors:
INFO    :     * PTX:ERROR: the @xml:id value "ws-rational-expressions" should be unique, but is authored 2 times.
INFO    :     *            Results will be unpredictable, and likely incorrect.  Information on the locations follows:
INFO    :     *              located within: "ws-rational-expressions" (xml:id), "Rational Expression" (title)
INFO    :     *              located within: "ws-rational-expressions" (xml:id), "Functions and Transformations" (title)
INFO    : successful application of /root/.ptx/xsl/pretext-html.xsl
INFO    : 
Success! Run `pretext view` to see the results.

