INFO    : PreTeXt project found in `/workspaces/calculus-in-a-hurry`.
WARNING : Using CLI version 2.0.3 but project's `requirements.txt`
WARNING : is configured to use 1.8.0. Consider either installing
WARNING : CLI version 1.8.0 or running `pretext init --refresh`
WARNING : to update `requirements.txt` to match 2.0.3.
INFO    : converting Sage diagrams from /workspaces/calculus-in-a-hurry/source/main.ptx to HTML graphics for placement in /workspaces/calculus-in-a-hurry/generated-assets/sageplot
INFO    : extracting Sage diagrams from /workspaces/calculus-in-a-hurry/source/main.ptx
INFO    : XSL conversion of /workspaces/calculus-in-a-hurry/source/main.ptx by /root/.ptx/xsl/extract-sageplot.xsl
INFO    : comprehensive messages, warnings, and errors:
INFO    : successful application of /root/.ptx/xsl/extract-sageplot.xsl
INFO    : converting Sage diagrams from /workspaces/calculus-in-a-hurry/source/main.ptx to SVG graphics for placement in /workspaces/calculus-in-a-hurry/generated-assets/sageplot
INFO    : extracting Sage diagrams from /workspaces/calculus-in-a-hurry/source/main.ptx
INFO    : XSL conversion of /workspaces/calculus-in-a-hurry/source/main.ptx by /root/.ptx/xsl/extract-sageplot.xsl
INFO    : comprehensive messages, warnings, and errors:
INFO    : successful application of /root/.ptx/xsl/extract-sageplot.xsl
INFO    : converting sageplot-blank-graph-six-by-six.sage to sageplot-blank-graph-six-by-six.svg
INFO    : Removing temporary directory /tmp/tmp_n5nwk40
INFO    : Removing temporary directory /tmp/tmpf0_6_40l
CRITICAL: [Errno 2] No such file or directory: '.error_schema.log'
INFO    : ------------------------
INFO    : While running pretext, the following errors occurred:

