INFO    : PreTeXt project found in `/workspaces/calculus-in-a-hurry`.
WARNING : Using CLI version 2.0.3 but project's `requirements.txt`
WARNING : is configured to use 1.8.0. Consider either installing
WARNING : CLI version 1.8.0 or running `pretext init --refresh`
WARNING : to update `requirements.txt` to match 2.0.3.
INFO    : converting Sage diagrams from /workspaces/calculus-in-a-hurry/source/main.ptx to PDF graphics for placement in /workspaces/calculus-in-a-hurry/generated-assets/sageplot
INFO    : extracting Sage diagrams from /workspaces/calculus-in-a-hurry/source/main.ptx
INFO    : XSL conversion of /workspaces/calculus-in-a-hurry/source/main.ptx by /root/.ptx/xsl/extract-sageplot.xsl
INFO    : comprehensive messages, warnings, and errors:
INFO    : successful application of /root/.ptx/xsl/extract-sageplot.xsl
INFO    : converting function-and-transformation-worksheet-q-4.sage to function-and-transformation-worksheet-q-4.pdf
INFO    : converting Sage diagrams from /workspaces/calculus-in-a-hurry/source/main.ptx to PNG graphics for placement in /workspaces/calculus-in-a-hurry/generated-assets/sageplot
INFO    : extracting Sage diagrams from /workspaces/calculus-in-a-hurry/source/main.ptx
INFO    : XSL conversion of /workspaces/calculus-in-a-hurry/source/main.ptx by /root/.ptx/xsl/extract-sageplot.xsl
INFO    : comprehensive messages, warnings, and errors:
INFO    : successful application of /root/.ptx/xsl/extract-sageplot.xsl
INFO    : Removing temporary directory /tmp/tmp7t4apvs4
INFO    : Removing temporary directory /tmp/tmp83icwv4o
INFO    : Preparing to build into /workspaces/calculus-in-a-hurry/output/print.
INFO    : discovering source file's directory name: /workspaces/calculus-in-a-hurry/source
INFO    : verifying and expanding input directory: /workspaces/calculus-in-a-hurry/source/../generated-assets
INFO    : input directory expanded to absolute path: /workspaces/calculus-in-a-hurry/generated-assets
INFO    : verifying and expanding input directory: /workspaces/calculus-in-a-hurry/source/../assets
INFO    : input directory expanded to absolute path: /workspaces/calculus-in-a-hurry/assets
INFO    : converting /workspaces/calculus-in-a-hurry/source/main.ptx to LaTeX as /tmp/tmpwvwq1dsh/main.tex
INFO    : XSL conversion of /workspaces/calculus-in-a-hurry/source/main.ptx by /root/.ptx/xsl/pretext-latex.xsl
INFO    : comprehensive messages, warnings, and errors:
INFO    : successful application of /root/.ptx/xsl/pretext-latex.xsl
INFO    : 
Success! Run `pretext view` to see the results.

